<?xml version="1.0" encoding="UTF-8"?>
<!-- Generated by org.testng.reporters.JUnitXMLReporter -->
<testsuite ignored="0" hostname="LAPTOP-139EAR6L" failures="0" tests="3" name="Default test" time="0.089" errors="0" timestamp="2023-04-01T20:47:10 IST">
  <testcase classname="practice_package.testngmethod" name="testtwo" time="0.013"/>
  <testcase classname="practice_package.testngmethod" name="testtwo" time="0.003"/>
  <testcase classname="practice_package.testngmethod" name="testthree" time="0.002"/>
</testsuite> <!-- Default test -->
