<?xml version="1.0" encoding="UTF-8"?>
<testng-results ignored="0" total="3" passed="3" failed="0" skipped="0">
  <reporter-output>
  </reporter-output>
  <suite started-at="2023-04-01T20:47:10 IST" name="Default suite" finished-at="2023-04-01T20:47:10 IST" duration-ms="89">
    <groups>
    </groups>
    <test started-at="2023-04-01T20:47:10 IST" name="Default test" finished-at="2023-04-01T20:47:10 IST" duration-ms="89">
      <class name="practice_package.testngmethod">
        <test-method signature="testtwo()[pri:-2, instance:practice_package.testngmethod@2df9b86]" started-at="2023-04-01T20:47:10 IST" name="testtwo" finished-at="2023-04-01T20:47:10 IST" depends-on-methods="practice_package.testngmethod.testone" duration-ms="13" status="PASS">
          <reporter-output>
          </reporter-output>
        </test-method> <!-- testtwo -->
        <test-method signature="testtwo()[pri:-2, instance:practice_package.testngmethod@2df9b86]" started-at="2023-04-01T20:47:10 IST" name="testtwo" finished-at="2023-04-01T20:47:10 IST" depends-on-methods="practice_package.testngmethod.testone" duration-ms="3" status="PASS">
          <reporter-output>
          </reporter-output>
        </test-method> <!-- testtwo -->
        <test-method signature="testthree()[pri:0, instance:practice_package.testngmethod@2df9b86]" started-at="2023-04-01T20:47:10 IST" name="testthree" finished-at="2023-04-01T20:47:10 IST" duration-ms="2" status="PASS">
          <reporter-output>
          </reporter-output>
        </test-method> <!-- testthree -->
      </class> <!-- practice_package.testngmethod -->
    </test> <!-- Default test -->
  </suite> <!-- Default suite -->
</testng-results>
